/usr/local/lib/python3.10/dist-packages/torch/utils/data/dataloader.py:557: UserWarning: This DataLoader will create 8 worker processes in total. Our suggested max number of worker in current system is 2, which is smaller than what this DataLoader is going to create. Please be aware that excessive worker creation might get DataLoader running slow or even freeze, lower the worker number to avoid potential slowness/freeze if necessary.
  warnings.warn(_create_warning_msg(
/usr/local/lib/python3.10/dist-packages/torchvision/models/_utils.py:208: UserWarning: The parameter 'pretrained' is deprecated since 0.13 and may be removed in the future, please use 'weights' instead.
  warnings.warn(
/usr/local/lib/python3.10/dist-packages/torchvision/models/_utils.py:223: UserWarning: Arguments other than a weight enum or `None` for 'weights' are deprecated since 0.13 and may be removed in the future. The current behavior is equivalent to passing `weights=ResNet50_Weights.IMAGENET1K_V1`. You can also use `weights=ResNet50_Weights.DEFAULT` to get the most up-to-date weights.
  warnings.warn(msg)
Downloading: "https://download.pytorch.org/models/resnet50-0676ba61.pth" to /root/.cache/torch/hub/checkpoints/resnet50-0676ba61.pth
  0%|          | 0.00/97.8M [00:00<?, ?B/s]  6%|▌         | 5.38M/97.8M [00:00<00:01, 56.1MB/s] 11%|█▏        | 11.2M/97.8M [00:00<00:01, 58.7MB/s] 30%|██▉       | 29.0M/97.8M [00:00<00:00, 117MB/s]  48%|████▊     | 46.6M/97.8M [00:00<00:00, 144MB/s] 67%|██████▋   | 65.9M/97.8M [00:00<00:00, 164MB/s] 86%|████████▌ | 84.2M/97.8M [00:00<00:00, 174MB/s]100%|██████████| 97.8M/97.8M [00:00<00:00, 144MB/s]
/usr/local/lib/python3.10/dist-packages/torch/nn/_reduction.py:42: UserWarning: size_average and reduce args will be deprecated, please use reduction='none' instead.
  warnings.warn(warning.format(ret))
Traceback (most recent call last):
  File "/content/drive/Othercomputers/Mi portátil/gastroml/src/train.py", line 399, in <module>
    main(args)
  File "/content/drive/Othercomputers/Mi portátil/gastroml/src/train.py", line 187, in main
    model.load_state_dict(pretrained_dict, strict=False)
  File "/usr/local/lib/python3.10/dist-packages/torch/nn/modules/module.py", line 2152, in load_state_dict
    raise RuntimeError('Error(s) in loading state_dict for {}:\n\t{}'.format(
RuntimeError: Error(s) in loading state_dict for InverseCookingModel:
	size mismatch for image_encoder.resnet.4.0.conv1.weight: copying a param with shape torch.Size([64, 64, 3, 3]) from checkpoint, the shape in current model is torch.Size([64, 64, 1, 1]).
	size mismatch for image_encoder.resnet.4.1.conv1.weight: copying a param with shape torch.Size([64, 64, 3, 3]) from checkpoint, the shape in current model is torch.Size([64, 256, 1, 1]).
	size mismatch for image_encoder.resnet.5.0.conv1.weight: copying a param with shape torch.Size([128, 64, 3, 3]) from checkpoint, the shape in current model is torch.Size([128, 256, 1, 1]).
	size mismatch for image_encoder.resnet.5.0.downsample.0.weight: copying a param with shape torch.Size([128, 64, 1, 1]) from checkpoint, the shape in current model is torch.Size([512, 256, 1, 1]).
	size mismatch for image_encoder.resnet.5.0.downsample.1.weight: copying a param with shape torch.Size([128]) from checkpoint, the shape in current model is torch.Size([512]).
	size mismatch for image_encoder.resnet.5.0.downsample.1.bias: copying a param with shape torch.Size([128]) from checkpoint, the shape in current model is torch.Size([512]).
	size mismatch for image_encoder.resnet.5.0.downsample.1.running_mean: copying a param with shape torch.Size([128]) from checkpoint, the shape in current model is torch.Size([512]).
	size mismatch for image_encoder.resnet.5.0.downsample.1.running_var: copying a param with shape torch.Size([128]) from checkpoint, the shape in current model is torch.Size([512]).
	size mismatch for image_encoder.resnet.5.1.conv1.weight: copying a param with shape torch.Size([128, 128, 3, 3]) from checkpoint, the shape in current model is torch.Size([128, 512, 1, 1]).
	size mismatch for image_encoder.resnet.6.0.conv1.weight: copying a param with shape torch.Size([256, 128, 3, 3]) from checkpoint, the shape in current model is torch.Size([256, 512, 1, 1]).
	size mismatch for image_encoder.resnet.6.0.downsample.0.weight: copying a param with shape torch.Size([256, 128, 1, 1]) from checkpoint, the shape in current model is torch.Size([1024, 512, 1, 1]).
	size mismatch for image_encoder.resnet.6.0.downsample.1.weight: copying a param with shape torch.Size([256]) from checkpoint, the shape in current model is torch.Size([1024]).
	size mismatch for image_encoder.resnet.6.0.downsample.1.bias: copying a param with shape torch.Size([256]) from checkpoint, the shape in current model is torch.Size([1024]).
	size mismatch for image_encoder.resnet.6.0.downsample.1.running_mean: copying a param with shape torch.Size([256]) from checkpoint, the shape in current model is torch.Size([1024]).
	size mismatch for image_encoder.resnet.6.0.downsample.1.running_var: copying a param with shape torch.Size([256]) from checkpoint, the shape in current model is torch.Size([1024]).
	size mismatch for image_encoder.resnet.6.1.conv1.weight: copying a param with shape torch.Size([256, 256, 3, 3]) from checkpoint, the shape in current model is torch.Size([256, 1024, 1, 1]).
	size mismatch for image_encoder.resnet.7.0.conv1.weight: copying a param with shape torch.Size([512, 256, 3, 3]) from checkpoint, the shape in current model is torch.Size([512, 1024, 1, 1]).
	size mismatch for image_encoder.resnet.7.0.downsample.0.weight: copying a param with shape torch.Size([512, 256, 1, 1]) from checkpoint, the shape in current model is torch.Size([2048, 1024, 1, 1]).
	size mismatch for image_encoder.resnet.7.0.downsample.1.weight: copying a param with shape torch.Size([512]) from checkpoint, the shape in current model is torch.Size([2048]).
	size mismatch for image_encoder.resnet.7.0.downsample.1.bias: copying a param with shape torch.Size([512]) from checkpoint, the shape in current model is torch.Size([2048]).
	size mismatch for image_encoder.resnet.7.0.downsample.1.running_mean: copying a param with shape torch.Size([512]) from checkpoint, the shape in current model is torch.Size([2048]).
	size mismatch for image_encoder.resnet.7.0.downsample.1.running_var: copying a param with shape torch.Size([512]) from checkpoint, the shape in current model is torch.Size([2048]).
	size mismatch for image_encoder.resnet.7.1.conv1.weight: copying a param with shape torch.Size([512, 512, 3, 3]) from checkpoint, the shape in current model is torch.Size([512, 2048, 1, 1]).
	size mismatch for image_encoder.linear.0.weight: copying a param with shape torch.Size([512, 512, 1, 1]) from checkpoint, the shape in current model is torch.Size([512, 2048, 1, 1]).
