/usr/local/lib/python3.10/dist-packages/torch/utils/data/dataloader.py:557: UserWarning: This DataLoader will create 8 worker processes in total. Our suggested max number of worker in current system is 2, which is smaller than what this DataLoader is going to create. Please be aware that excessive worker creation might get DataLoader running slow or even freeze, lower the worker number to avoid potential slowness/freeze if necessary.
  warnings.warn(_create_warning_msg(
/usr/local/lib/python3.10/dist-packages/torchvision/models/_utils.py:208: UserWarning: The parameter 'pretrained' is deprecated since 0.13 and may be removed in the future, please use 'weights' instead.
  warnings.warn(
/usr/local/lib/python3.10/dist-packages/torchvision/models/_utils.py:223: UserWarning: Arguments other than a weight enum or `None` for 'weights' are deprecated since 0.13 and may be removed in the future. The current behavior is equivalent to passing `weights=ResNet50_Weights.IMAGENET1K_V1`. You can also use `weights=ResNet50_Weights.DEFAULT` to get the most up-to-date weights.
  warnings.warn(msg)
/usr/local/lib/python3.10/dist-packages/torch/nn/_reduction.py:42: UserWarning: size_average and reduce args will be deprecated, please use reduction='none' instead.
  warnings.warn(warning.format(ret))
Traceback (most recent call last):
  File "/content/drive/Othercomputers/Mi portátil/gastroml/src/train.py", line 399, in <module>
    main(args)
  File "/content/drive/Othercomputers/Mi portátil/gastroml/src/train.py", line 185, in main
    pretrained_dict = torch.load(model_path, map_location=map_loc)
  File "/usr/local/lib/python3.10/dist-packages/torch/serialization.py", line 986, in load
    with _open_file_like(f, 'rb') as opened_file:
  File "/usr/local/lib/python3.10/dist-packages/torch/serialization.py", line 435, in _open_file_like
    return _open_file(name_or_buffer, mode)
  File "/usr/local/lib/python3.10/dist-packages/torch/serialization.py", line 416, in __init__
    super().__init__(open(name, mode))
FileNotFoundError: [Errno 2] No such file or directory: '../checkpoints/inversecooking/im2ingrInceptionV3/checkpoints/modelbest.ckpt'
